<?xml version="1.0" encoding="UTF-8"?>
<!-- Generated by org.testng.reporters.JUnitReportReporter -->
<testsuite hostname="LAPTOP-TVHBTHFI" failures="0" tests="1" name="SampleHelloGit.TestHelloGit" time="0.009" errors="0" timestamp="2022-09-29T00:42:55 IST" skipped="0">
  <testcase classname="SampleHelloGit.TestHelloGit" name="testHelloGit" time="0.009"/>
  <system-out/>
</testsuite> <!-- SampleHelloGit.TestHelloGit -->
